\BOOKMARK [1][-]{section.1}{\376\377\225\356\230\230\221\315\217\360}{}% 1
\BOOKMARK [2][-]{subsection.1.1}{\376\377\225\356\230\230\200\314\146\157\116\016\170\024\172\166\141\017\116\111}{section.1}% 2
\BOOKMARK [2][-]{subsection.1.2}{\376\377\225\356\230\230\166\204\143\320\121\372}{section.1}% 3
\BOOKMARK [1][-]{section.2}{\376\377\225\356\230\230\122\006\147\220}{}% 4
\BOOKMARK [2][-]{subsection.2.1}{\376\377\225\356\230\230\140\073\122\006\147\220}{section.2}% 5
\BOOKMARK [2][-]{subsection.2.2}{\376\377\225\356\230\230\116\000\166\204\122\006\147\220}{section.2}% 6
\BOOKMARK [2][-]{subsection.2.3}{\376\377\225\356\230\230\116\214\166\204\122\006\147\220}{section.2}% 7
\BOOKMARK [2][-]{subsection.2.4}{\376\377\225\356\230\230\116\011\166\204\122\006\147\220}{section.2}% 8
\BOOKMARK [2][-]{subsection.2.5}{\376\377\225\356\230\230\126\333\166\204\122\006\147\220}{section.2}% 9
\BOOKMARK [1][-]{section.3}{\376\377\152\041\127\213\166\204\120\107\213\276}{}% 10
\BOOKMARK [2][-]{subsubsection.3.0.1}{\376\377\173\054\116\000\220\350\122\006\377\032\164\003\116\016\237\023\166\204\170\260\144\236\152\041\127\213}{section.3}% 11
\BOOKMARK [3][-]{subsubsection.3.0.2}{\376\377\173\054\116\214\220\350\122\006\377\032\237\023\166\204\120\076\145\234\152\041\127\213}{subsubsection.3.0.1}% 12
\BOOKMARK [1][-]{section.4}{\376\377\173\046\123\367\213\364\146\016}{}% 13
\BOOKMARK [1][-]{section.5}{\376\377\152\041\127\213\166\204\136\372\172\313\116\016\154\102\211\343}{}% 14
\BOOKMARK [2][-]{subsection.5.1}{\376\377\225\356\230\230\116\000\377\032\170\260\144\236\152\041\127\213}{section.5}% 15
\BOOKMARK [3][-]{subsubsection.5.1.1}{\376\377\170\260\144\236\220\037\136\246\152\041\127\213}{subsection.5.1}% 16
\BOOKMARK [3][-]{subsubsection.5.1.2}{\376\377\164\003\116\016\237\023\217\320\122\250\145\366\166\204\122\250\140\001\174\373\176\337}{subsection.5.1}% 17
\BOOKMARK [3][-]{subsubsection.5.1.3}{\376\377\133\371\116\216\123\302\116\016\116\272\145\160\000n\166\204\213\304\117\060\152\041\127\213}{subsection.5.1}% 18
\BOOKMARK [2][-]{subsection.5.2}{\376\377\225\356\230\230\116\214\377\032\120\076\145\234\152\041\127\213}{section.5}% 19
\BOOKMARK [3][-]{subsubsection.5.2.1}{\376\377\145\275\122\233\116\015\127\107\145\366\237\023\227\142\166\204\120\076\145\234\152\041\127\213}{subsection.5.2}% 20
\BOOKMARK [3][-]{subsubsection.5.2.2}{\376\377\145\275\122\233\145\366\147\072\213\357\135\356\145\366\237\023\227\142\166\204\120\076\145\234\152\041\127\213}{subsection.5.2}% 21
\BOOKMARK [3][-]{subsubsection.5.2.3}{\376\377\145\275\122\233\145\366\147\072\116\016\145\275\122\233\131\047\134\017\127\107\121\372\163\260\213\357\135\356\166\204\152\041\127\213}{subsection.5.2}% 22
\BOOKMARK [3][-]{subsubsection.5.2.4}{\376\377\116\343\121\145\176\323\147\234}{subsection.5.2}% 23
\BOOKMARK [2][-]{subsection.5.3}{\376\377\225\356\230\230\116\011\377\032\152\041\127\213\166\204\145\071\217\333}{section.5}% 24
\BOOKMARK [1][-]{section.6}{\376\377\152\041\127\213\166\204\213\304\116\367\116\016\117\030\123\026\143\252\145\275}{}% 25
\BOOKMARK [2][-]{subsection.6.1}{\376\377\152\041\127\213\166\204\117\030\160\271}{section.6}% 26
\BOOKMARK [2][-]{subsection.6.2}{\376\377\152\041\127\213\166\204\177\072\160\271}{section.6}% 27
\BOOKMARK [2][-]{subsection.6.3}{\376\377\152\041\127\213\166\204\117\030\123\026\143\252\145\275}{section.6}% 28
\BOOKMARK [1][-]{section.7}{\376\377\123\302\200\003\116\343\170\001}{}% 29
